/*C1*/SET SCHEMA SYSTEM_LOBS
INSERT INTO BLOCKS VALUES(0,2147483647,0)
COMMIT
/*C2*/SET SCHEMA PUBLIC
CREATE TABLE IF NOT EXISTS tasks(  tid INTEGER IDENTITY PRIMARY KEY, taskName VARCHAR(20) NOT NULL, priority VARCHAR(10),  startTime DATETIME,  endTime DATETIME,  status TINYINT NOT NULL, type VARCHAR(50), quantity int, quantityUnit VARCHAR(50), completed BOOLEAN)
/*C3*/SET SCHEMA PUBLIC
CREATE TABLE IF NOT EXISTS tasks(  tid INTEGER IDENTITY PRIMARY KEY, taskName VARCHAR(20) NOT NULL, priority VARCHAR(10),  startTime DATETIME,  endTime DATETIME,  status TINYINT NOT NULL, type VARCHAR(50), quantity int, quantityUnit VARCHAR(50), completed BOOLEAN)
/*C4*/SET SCHEMA PUBLIC
CREATE TABLE IF NOT EXISTS tasks(  tid INTEGER IDENTITY PRIMARY KEY, taskName VARCHAR(20) NOT NULL, priority VARCHAR(10),  startTime DATETIME,  endTime DATETIME,  status TINYINT NOT NULL, type VARCHAR(50), quantity int, quantityUnit VARCHAR(50), completed BOOLEAN)
/*C5*/SET SCHEMA PUBLIC
CREATE TABLE IF NOT EXISTS tasks(  tid INTEGER IDENTITY PRIMARY KEY, taskName VARCHAR(20) NOT NULL, priority VARCHAR(10),  startTime DATETIME,  endTime DATETIME,  status TINYINT NOT NULL, type VARCHAR(50), quantity int, quantityUnit VARCHAR(50), completed BOOLEAN)
INSERT INTO TASKS VALUES(0,'task 1','LOW',NULL,NULL,0,NULL,0,NULL,FALSE)
COMMIT
INSERT INTO TASKS VALUES(1,'task 2','LOW',NULL,NULL,0,NULL,0,NULL,FALSE)
COMMIT
INSERT INTO TASKS VALUES(2,'task 3','LOW',NULL,NULL,0,NULL,0,NULL,FALSE)
COMMIT
DELETE FROM TASKS WHERE TID=0
DELETE FROM TASKS WHERE TID=1
DELETE FROM TASKS WHERE TID=2
COMMIT
/*C6*/SET SCHEMA PUBLIC
CREATE TABLE IF NOT EXISTS tasks(  tid INTEGER IDENTITY PRIMARY KEY, taskName VARCHAR(20) NOT NULL, priority VARCHAR(10),  startTime DATETIME,  endTime DATETIME,  status TINYINT NOT NULL, type VARCHAR(50), quantity int, quantityUnit VARCHAR(50), completed BOOLEAN)
/*C7*/SET SCHEMA PUBLIC
CREATE TABLE IF NOT EXISTS tasks(  tid INTEGER IDENTITY PRIMARY KEY, taskName VARCHAR(20) NOT NULL, priority VARCHAR(10),  startTime DATETIME,  endTime DATETIME,  status TINYINT NOT NULL, type VARCHAR(50), quantity int, quantityUnit VARCHAR(50), completed BOOLEAN)
/*C8*/SET SCHEMA PUBLIC
CREATE TABLE IF NOT EXISTS tasks(  tid INTEGER IDENTITY PRIMARY KEY, taskName VARCHAR(20) NOT NULL, priority VARCHAR(10),  startTime DATETIME,  endTime DATETIME,  status TINYINT NOT NULL, type VARCHAR(50), quantity int, quantityUnit VARCHAR(50), completed BOOLEAN)
INSERT INTO TASKS VALUES(3,'Task 1','HIGH','2020-01-01 12:12:12.000000','2220-05-02 01:02:12.000000',0,'Reading',10,'Pages',FALSE)
COMMIT
INSERT INTO TASKS VALUES(4,'Task 2','MEDIUM','2020-01-01 12:12:12.000000','2220-05-02 01:02:12.000000',0,'Reading',10,'Pages',FALSE)
COMMIT
INSERT INTO TASKS VALUES(5,'Task 3','LOW','2020-01-01 12:12:12.000000','2220-05-02 01:02:12.000000',0,'Reading',10,'Pages',FALSE)
COMMIT
DELETE FROM TASKS WHERE TID=4
COMMIT
DELETE FROM TASKS WHERE TID=3
COMMIT
DELETE FROM TASKS WHERE TID=5
COMMIT
/*C9*/SET SCHEMA PUBLIC
CREATE TABLE IF NOT EXISTS tasks(  tid INTEGER IDENTITY PRIMARY KEY, taskName VARCHAR(20) NOT NULL, priority VARCHAR(10),  startTime DATETIME,  endTime DATETIME,  status TINYINT NOT NULL, type VARCHAR(50), quantity int, quantityUnit VARCHAR(50), completed BOOLEAN)
INSERT INTO TASKS VALUES(6,'Task 1','HIGH','2020-01-01 12:12:12.000000','2220-05-02 01:02:12.000000',0,'Reading',10,'Pages',FALSE)
COMMIT
DELETE FROM TASKS WHERE TID=6
INSERT INTO TASKS VALUES(6,'Task 1','HIGH','2020-01-01 12:12:12.000000','2220-05-02 01:02:12.000000',0,'Reading',10,'Pages',TRUE)
COMMIT
DELETE FROM TASKS WHERE TID=6
INSERT INTO TASKS VALUES(6,'Task 1','HIGH','2020-01-01 12:12:12.000000','2220-05-02 01:02:12.000000',0,'Reading',10,'Pages',FALSE)
COMMIT
DELETE FROM TASKS WHERE TID=6
COMMIT
/*C10*/SET SCHEMA PUBLIC
CREATE TABLE IF NOT EXISTS tasks(  tid INTEGER IDENTITY PRIMARY KEY, taskName VARCHAR(20) NOT NULL, priority VARCHAR(10),  startTime DATETIME,  endTime DATETIME,  status TINYINT NOT NULL, type VARCHAR(50), quantity int, quantityUnit VARCHAR(50), completed BOOLEAN)
INSERT INTO TASKS VALUES(7,'Task 1','HIGH','2020-01-01 12:12:12.000000','2220-05-02 01:02:12.000000',0,'Reading',10,'pages',FALSE)
COMMIT
INSERT INTO TASKS VALUES(8,'Task 2','HIGH','2020-01-01 12:12:12.000000','2220-05-02 01:02:12.000000',0,'Reading',10,'pages',FALSE)
COMMIT
INSERT INTO TASKS VALUES(9,'Task 3','HIGH','2020-01-01 12:12:12.000000','2220-05-02 01:02:12.000000',0,'Reading',10,'pages',FALSE)
COMMIT
